<?xml version="1.0" encoding="UTF-8"?>
<!-- Generated by org.testng.reporters.JUnitReportReporter -->
<testsuite skipped="0" hostname="ankita-Inspiron-3558"
	name="SampleProject.CRMTest.LoginPageTest" tests="1" failures="0"
	timestamp="04 Jan 2021 15:26:34 GMT" time="5.592" errors="0">
	<testcase name="f" time="5.592"
		classname="SampleProject.CRMTest.LoginPageTest" />
</testsuite> <!-- SampleProject.CRMTest.LoginPageTest -->
