<?xml version="1.0" encoding="UTF-8"?>
<!-- Generated by org.testng.reporters.JUnitReportReporter -->
<testsuite skipped="0" hostname="ankita-Inspiron-3558"
	name="com.qa.seleniumgrid.GridTest" tests="1" failures="0"
	timestamp="11 Jan 2021 18:09:54 GMT" time="4.449" errors="0">
	<testcase name="simpleTest" time="4.449"
		classname="com.qa.seleniumgrid.GridTest" />
</testsuite> <!-- com.qa.seleniumgrid.GridTest -->
